[    1085ms] [WARNING] Alpine Expression Error: Cannot read properties of undefined (reading 'min_withdraw')

Expression: "config.fund.min_withdraw"

 JSHandle@node @ https://unpkg.com/alpinejs@3.x.x/dist/cdn.min.js:0
[    1103ms] Uncaught TypeError: Cannot read properties of undefined (reading 'min_withdraw')
    at [Alpine] config.fund.min_withdraw (:2:43)
    at <anonymous> (https://unpkg.com/alpinejs@3.x.x/dist/cdn.min.js:4:1156)
    at ar (https://unpkg.com/alpinejs@3.x.x/dist/cdn.min.js:0:5306)
    at <anonymous> (https://unpkg.com/alpinejs@3.x.x/dist/cdn.min.js:4:34990)
    at r (https://unpkg.com/alpinejs@3.x.x/dist/cdn.min.js:4:19446)
    at fn (https://unpkg.com/alpinejs@3.x.x/dist/cdn.min.js:4:19234)
    at R (https://unpkg.com/alpinejs@3.x.x/dist/cdn.min.js:0:463)
    at <anonymous> (https://unpkg.com/alpinejs@3.x.x/dist/cdn.min.js:0:576)
    at <anonymous> (https://unpkg.com/alpinejs@3.x.x/dist/cdn.min.js:4:34983)
    at r (https://unpkg.com/alpinejs@3.x.x/dist/cdn.min.js:4:3073)
    at n (https://unpkg.com/alpinejs@3.x.x/dist/cdn.min.js:4:3103)
    at br (https://unpkg.com/alpinejs@3.x.x/dist/cdn.min.js:4:3113)
    at S (https://unpkg.com/alpinejs@3.x.x/dist/cdn.min.js:4:5988)
    at <anonymous> (https://unpkg.com/alpinejs@3.x.x/dist/cdn.min.js:4:5342)
    at Or (https://unpkg.com/alpinejs@3.x.x/dist/cdn.min.js:4:5330)
    at <anonymous> (https://unpkg.com/alpinejs@3.x.x/dist/cdn.min.js:4:40751)
[    1125ms] [ERROR] Failed to load resource: the server responded with a status of 404 (Not Found) @ http://localhost:8000/favicon.ico:0
